Value of Constants
SEED: 1012
INIT_TIME: 0
FIN_TIME: 10000
EQ_CAPACITY: 10000
CPU_CAPACITY: 10000
DISK_CAPACITY: 10000
ARRIVE_MIN: 200
ARRIVE_MAX: 600
CPU_MIN: 50
CPU_MAX: 100
DISK1_MIN: 200
DISK1_MAX: 600
DISK2_MIN: 200
DISK2_MAX: 600
DISK2_MIN: 0.200000

Event Log
SIM_START at 0
At time 0 job1 arrives at CPU.
At time 60 job1 finishes at CPU.
At time 60 job1 arrives at disk1.
At time 335 job2 arrives at CPU.
At time 373 job1 finishes at disk1.
At time 373 job1 arrives at CPU.
At time 430 job2 finishes at CPU.
At time 430 job2 exits.
At time 512 job1 finishes at CPU.
At time 512 job1 exits.
At time 729 job4 arrives at CPU.
At time 803 job3 arrives at CPU.
At time 828 job4 finishes at CPU.
At time 828 job4 arrives at disk2.
At time 898 job3 finishes at CPU.
At time 898 job3 arrives at disk2.
At time 1252 job5 arrives at CPU.
At time 1317 job6 arrives at CPU.
At time 1327 job5 finishes at CPU.
At time 1327 job5 arrives at disk1.
At time 1379 job4 finishes at disk2.
At time 1379 job4 arrives at CPU.
At time 1418 job6 finishes at CPU.
At time 1418 job6 arrives at disk1.
At time 1479 job4 finishes at CPU.
At time 1479 job4 arrives at disk2.
At time 1601 job5 finishes at disk1.
At time 1601 job5 arrives at CPU.
At time 1678 job5 finishes at CPU.
At time 1678 job5 arrives at disk1.
At time 1687 job3 finishes at disk2.
At time 1687 job3 arrives at CPU.
At time 1757 job3 finishes at CPU.
At time 1757 job3 arrives at disk2.
At time 1795 job8 arrives at CPU.
At time 1795 job9 arrives at CPU.
At time 1800 job7 arrives at CPU.
At time 1858 job10 arrives at CPU.
At time 1895 job8 finishes at CPU.
At time 1895 job8 arrives at disk1.
At time 1947 job4 finishes at disk2.
At time 1947 job4 arrives at CPU.
At time 1991 job9 finishes at CPU.
At time 1991 job9 arrives at disk2.
At time 2070 job7 finishes at CPU.
At time 2070 job7 arrives at disk2.
At time 2117 job11 arrives at CPU.
At time 2160 job3 finishes at disk2.
At time 2160 job3 arrives at CPU.
At time 2169 job10 finishes at CPU.
At time 2169 job10 exits.
At time 2186 job6 finishes at disk1.
At time 2186 job6 arrives at CPU.
At time 2223 job12 arrives at CPU.
At time 2237 job4 finishes at CPU.
At time 2237 job4 arrives at disk1.
At time 2254 job13 arrives at CPU.
At time 2296 job15 arrives at CPU.
At time 2299 job11 finishes at CPU.
At time 2299 job11 arrives at disk2.
At time 2345 job14 arrives at CPU.
At time 2358 job16 arrives at CPU.
At time 2367 job3 finishes at CPU.
At time 2367 job3 arrives at disk2.
At time 2392 job17 arrives at CPU.
At time 2426 job6 finishes at CPU.
At time 2426 job6 arrives at disk1.
At time 2483 job9 finishes at disk2.
At time 2483 job12 finishes at CPU.
At time 2483 job9 arrives at CPU.
At time 2483 job12 arrives at disk2.
At time 2550 job18 arrives at CPU.
At time 2562 job13 finishes at CPU.
At time 2562 job13 exits.
At time 2580 job22 arrives at CPU.
At time 2651 job15 finishes at CPU.
At time 2651 job15 exits.
At time 2652 job20 arrives at CPU.
At time 2713 job14 finishes at CPU.
At time 2713 job14 arrives at disk2.
At time 2720 job19 arrives at CPU.
At time 2733 job21 arrives at CPU.
At time 2736 job5 finishes at disk1.
At time 2736 job5 arrives at CPU.
At time 2765 job16 finishes at CPU.
At time 2765 job16 exits.
At time 2769 job27 arrives at CPU.
At time 2799 job24 arrives at CPU.
At time 2831 job7 finishes at disk2.
At time 2831 job7 arrives at CPU.
At time 2837 job17 finishes at CPU.
At time 2837 job17 exits.
At time 2873 job23 arrives at CPU.
At time 2890 job25 arrives at CPU.
At time 2902 job9 finishes at CPU.
At time 2902 job9 exits.
At time 2904 job26 arrives at CPU.
At time 2970 job28 arrives at CPU.
At time 3000 job18 finishes at CPU.
At time 3000 job18 exits.
At time 3037 job8 finishes at disk1.
At time 3037 job8 arrives at CPU.
At time 3079 job35 arrives at CPU.
At time 3088 job22 finishes at CPU.
At time 3088 job22 arrives at disk1.
At time 3095 job29 arrives at CPU.
At time 3111 job34 arrives at CPU.
At time 3113 job38 arrives at CPU.
At time 3147 job32 arrives at CPU.
At time 3154 job31 arrives at CPU.
At time 3171 job30 arrives at CPU.
At time 3181 job20 finishes at CPU.
At time 3181 job20 exits.
At time 3248 job19 finishes at CPU.
At time 3248 job19 arrives at disk1.
At time 3249 job11 finishes at disk2.
At time 3249 job11 arrives at CPU.
At time 3267 job36 arrives at CPU.
At time 3291 job37 arrives at CPU.
At time 3335 job33 arrives at CPU.
At time 3338 job21 finishes at CPU.
At time 3338 job21 exits.
At time 3365 job41 arrives at CPU.
At time 3408 job5 finishes at CPU.
At time 3408 job5 arrives at disk2.
At time 3415 job45 arrives at CPU.
At time 3420 job43 arrives at CPU.
At time 3433 job42 arrives at CPU.
At time 3452 job46 arrives at CPU.
At time 3460 job40 arrives at CPU.
At time 3469 job39 arrives at CPU.
At time 3469 job49 arrives at CPU.
At time 3498 job27 finishes at CPU.
At time 3498 job27 arrives at disk2.
At time 3569 job3 finishes at disk2.
At time 3569 job3 arrives at CPU.
At time 3570 job4 finishes at disk1.
At time 3570 job4 arrives at CPU.
At time 3593 job24 finishes at CPU.
At time 3593 job24 arrives at disk1.
At time 3609 job44 arrives at CPU.
At time 3676 job47 arrives at CPU.
At time 3682 job56 arrives at CPU.
At time 3688 job54 arrives at CPU.
At time 3691 job7 finishes at CPU.
At time 3691 job7 arrives at disk1.
At time 3725 job57 arrives at CPU.
At time 3736 job51 arrives at CPU.
At time 3748 job48 arrives at CPU.
At time 3773 job23 finishes at CPU.
At time 3773 job23 arrives at disk2.
At time 3815 job50 arrives at CPU.
At time 3834 job12 finishes at disk2.
At time 3834 job12 arrives at CPU.
At time 3838 job52 arrives at CPU.
At time 3838 job25 finishes at CPU.
At time 3838 job25 arrives at disk2.
At time 3873 job58 arrives at CPU.
At time 3880 job60 arrives at CPU.
At time 3881 job62 arrives at CPU.
At time 3889 job26 finishes at CPU.
At time 3889 job26 arrives at disk2.
At time 3895 job64 arrives at CPU.
At time 3927 job55 arrives at CPU.
At time 3933 job59 arrives at CPU.
At time 3935 job53 arrives at CPU.
At time 3943 job28 finishes at CPU.
At time 3943 job28 exits.
At time 3987 job66 arrives at CPU.
At time 3997 job61 arrives at CPU.
At time 4003 job8 finishes at CPU.
At time 4003 job8 arrives at disk1.
At time 4010 job6 finishes at disk1.
At time 4010 job6 arrives at CPU.
At time 4066 job35 finishes at CPU.
At time 4066 job35 arrives at disk1.
At time 4068 job70 arrives at CPU.
At time 4138 job65 arrives at CPU.
At time 4155 job29 finishes at CPU.
At time 4155 job29 arrives at disk1.
At time 4202 job69 arrives at CPU.
At time 4205 job34 finishes at CPU.
At time 4205 job34 arrives at disk2.
At time 4234 job79 arrives at CPU.
At time 4242 job68 arrives at CPU.
At time 4242 job73 arrives at CPU.
At time 4256 job63 arrives at CPU.
At time 4264 job38 finishes at CPU.
At time 4264 job38 arrives at disk1.
At time 4278 job72 arrives at CPU.
At time 4292 job67 arrives at CPU.
At time 4318 job32 finishes at CPU.
At time 4318 job32 exits.
At time 4325 job75 arrives at CPU.
At time 4339 job74 arrives at CPU.
At time 4343 job77 arrives at CPU.
At time 4373 job78 arrives at CPU.
At time 4395 job31 finishes at CPU.
At time 4395 job31 arrives at disk2.
At time 4409 job76 arrives at CPU.
At time 4421 job14 finishes at disk2.
At time 4421 job14 arrives at CPU.
At time 4431 job80 arrives at CPU.
At time 4435 job83 arrives at CPU.
At time 4438 job71 arrives at CPU.
At time 4457 job82 arrives at CPU.
At time 4462 job88 arrives at CPU.
At time 4467 job30 finishes at CPU.
At time 4467 job30 arrives at disk2.
At time 4477 job22 finishes at disk1.
At time 4477 job22 arrives at CPU.
At time 4543 job11 finishes at CPU.
At time 4543 job11 arrives at disk1.
At time 4583 job89 arrives at CPU.
At time 4601 job81 arrives at CPU.
At time 4618 job90 arrives at CPU.
At time 4633 job36 finishes at CPU.
At time 4633 job36 arrives at disk1.
At time 4689 job91 arrives at CPU.
At time 4703 job84 arrives at CPU.
At time 4709 job92 arrives at CPU.
At time 4718 job87 arrives at CPU.
At time 4720 job37 finishes at CPU.
At time 4720 job37 exits.
At time 4732 job98 arrives at CPU.
At time 4775 job5 finishes at disk2.
At time 4775 job5 arrives at CPU.
At time 4791 job85 arrives at CPU.
At time 4792 job33 finishes at CPU.
At time 4792 job33 arrives at disk2.
At time 4823 job86 arrives at CPU.
At time 4827 job97 arrives at CPU.
At time 4832 job96 arrives at CPU.
At time 4850 job95 arrives at CPU.
At time 4858 job41 finishes at CPU.
At time 4858 job41 arrives at disk2.
At time 4870 job101 arrives at CPU.
At time 4896 job105 arrives at CPU.
At time 4907 job103 arrives at CPU.
At time 4910 job45 finishes at CPU.
At time 4910 job45 arrives at disk1.
At time 4914 job94 arrives at CPU.
At time 4931 job93 arrives at CPU.
At time 4933 job107 arrives at CPU.
At time 4935 job19 finishes at disk1.
At time 4935 job19 arrives at CPU.
At time 4953 job99 arrives at CPU.
At time 4973 job110 arrives at CPU.
At time 4976 job104 arrives at CPU.
At time 4977 job111 arrives at CPU.
At time 4997 job102 arrives at CPU.
At time 5010 job43 finishes at CPU.
At time 5010 job43 arrives at disk2.
At time 5056 job100 arrives at CPU.
At time 5092 job106 arrives at CPU.
At time 5104 job42 finishes at CPU.
At time 5104 job42 arrives at disk1.
At time 5140 job24 finishes at disk1.
At time 5140 job24 arrives at CPU.
At time 5152 job120 arrives at CPU.
At time 5168 job46 finishes at CPU.
At time 5168 job46 arrives at disk1.
At time 5205 job109 arrives at CPU.
At time 5239 job40 finishes at CPU.
At time 5239 job40 arrives at disk2.
At time 5242 job117 arrives at CPU.
At time 5262 job126 arrives at CPU.
At time 5274 job119 arrives at CPU.
At time 5276 job108 arrives at CPU.
At time 5278 job27 finishes at disk2.
At time 5278 job27 arrives at CPU.
At time 5279 job113 arrives at CPU.
At time 5279 job121 arrives at CPU.
At time 5293 job115 arrives at CPU.
At time 5305 job118 arrives at CPU.
At time 5318 job39 finishes at CPU.
At time 5318 job39 arrives at disk2.
At time 5321 job112 arrives at CPU.
At time 5337 job130 arrives at CPU.
At time 5363 job114 arrives at CPU.
At time 5382 job127 arrives at CPU.
At time 5390 job49 finishes at CPU.
At time 5390 job49 arrives at disk1.
At time 5407 job116 arrives at CPU.
At time 5410 job125 arrives at CPU.
At time 5460 job3 finishes at CPU.
At time 5460 job3 arrives at disk1.
At time 5477 job124 arrives at CPU.
At time 5478 job135 arrives at CPU.
At time 5506 job122 arrives at CPU.
At time 5523 job129 arrives at CPU.
At time 5534 job123 arrives at CPU.
At time 5541 job140 arrives at CPU.
At time 5558 job128 arrives at CPU.
At time 5560 job4 finishes at CPU.
At time 5560 job4 arrives at disk2.
At time 5580 job141 arrives at CPU.
At time 5582 job23 finishes at disk2.
At time 5582 job144 arrives at CPU.
At time 5582 job23 arrives at CPU.
At time 5591 job131 arrives at CPU.
At time 5646 job44 finishes at CPU.
At time 5646 job44 arrives at disk2.
At time 5652 job148 arrives at CPU.
At time 5666 job145 arrives at CPU.
At time 5673 job132 arrives at CPU.
At time 5701 job47 finishes at CPU.
At time 5701 job47 arrives at disk1.
At time 5722 job146 arrives at CPU.
At time 5734 job7 finishes at disk1.
At time 5734 job137 arrives at CPU.
At time 5734 job7 arrives at CPU.
At time 5752 job133 arrives at CPU.
At time 5761 job151 arrives at CPU.
At time 5786 job56 finishes at CPU.
At time 5786 job56 arrives at disk2.
At time 5806 job139 arrives at CPU.
At time 5822 job134 arrives at CPU.
At time 5834 job152 arrives at CPU.
At time 5836 job54 finishes at CPU.
At time 5836 job54 arrives at disk1.
At time 5838 job136 arrives at CPU.
At time 5858 job143 arrives at CPU.
At time 5866 job142 arrives at CPU.
At time 5866 job138 arrives at CPU.
At time 5894 job149 arrives at CPU.
At time 5908 job147 arrives at CPU.
At time 5925 job150 arrives at CPU.
At time 5925 job155 arrives at CPU.
At time 5934 job154 arrives at CPU.
At time 5936 job57 finishes at CPU.
At time 5936 job57 arrives at disk2.
At time 5943 job160 arrives at CPU.
At time 5944 job153 arrives at CPU.
At time 5966 job25 finishes at disk2.
At time 5966 job25 arrives at CPU.
At time 6007 job161 arrives at CPU.
At time 6027 job51 finishes at CPU.
At time 6027 job51 arrives at disk2.
At time 6030 job163 arrives at CPU.
At time 6048 job164 arrives at CPU.
At time 6049 job157 arrives at CPU.
At time 6082 job48 finishes at CPU.
At time 6082 job48 arrives at disk1.
At time 6087 job174 arrives at CPU.
At time 6088 job173 arrives at CPU.
At time 6096 job159 arrives at CPU.
At time 6104 job158 arrives at CPU.
At time 6135 job168 arrives at CPU.
At time 6135 job50 finishes at CPU.
At time 6135 job50 arrives at disk1.
At time 6145 job156 arrives at CPU.
At time 6145 job176 arrives at CPU.
At time 6159 job181 arrives at CPU.
At time 6183 job170 arrives at CPU.
At time 6201 job172 arrives at CPU.
At time 6203 job177 arrives at CPU.
At time 6210 job12 finishes at CPU.
At time 6210 job12 arrives at disk2.
At time 6215 job162 arrives at CPU.
At time 6227 job171 arrives at CPU.
At time 6236 job167 arrives at CPU.
At time 6264 job169 arrives at CPU.
At time 6265 job8 finishes at disk1.
At time 6265 job8 arrives at CPU.
At time 6282 job166 arrives at CPU.
At time 6287 job185 arrives at CPU.
At time 6289 job52 finishes at CPU.
At time 6289 job52 arrives at disk1.
At time 6297 job165 arrives at CPU.
At time 6319 job187 arrives at CPU.
At time 6319 job186 arrives at CPU.
At time 6329 job178 arrives at CPU.
At time 6332 job26 finishes at disk2.
At time 6332 job26 arrives at CPU.
At time 6338 job175 arrives at CPU.
At time 6369 job190 arrives at CPU.
At time 6373 job189 arrives at CPU.
At time 6374 job58 finishes at CPU.
At time 6374 job58 arrives at disk2.
At time 6400 job180 arrives at CPU.
At time 6408 job193 arrives at CPU.
At time 6412 job195 arrives at CPU.
At time 6429 job183 arrives at CPU.
At time 6436 job184 arrives at CPU.
At time 6447 job200 arrives at CPU.
At time 6453 job182 arrives at CPU.
At time 6460 job197 arrives at CPU.
At time 6461 job60 finishes at CPU.
At time 6461 job60 exits.
At time 6499 job179 arrives at CPU.
At time 6503 job194 arrives at CPU.
At time 6507 job188 arrives at CPU.
At time 6512 job191 arrives at CPU.
At time 6528 job203 arrives at CPU.
At time 6543 job201 arrives at CPU.
At time 6560 job62 finishes at CPU.
At time 6560 job62 arrives at disk1.
At time 6562 job206 arrives at CPU.
At time 6566 job210 arrives at CPU.
At time 6567 job202 arrives at CPU.
At time 6586 job205 arrives at CPU.
At time 6590 job204 arrives at CPU.
At time 6614 job198 arrives at CPU.
At time 6639 job64 finishes at CPU.
At time 6639 job64 arrives at disk2.
At time 6649 job209 arrives at CPU.
At time 6653 job192 arrives at CPU.
At time 6655 job208 arrives at CPU.
At time 6668 job215 arrives at CPU.
At time 6677 job217 arrives at CPU.
At time 6707 job207 arrives at CPU.
At time 6719 job55 finishes at CPU.
At time 6719 job55 arrives at disk1.
At time 6727 job199 arrives at CPU.
At time 6727 job196 arrives at CPU.
At time 6768 job35 finishes at disk1.
At time 6768 job35 arrives at CPU.
At time 6802 job59 finishes at CPU.
At time 6802 job59 arrives at disk1.
At time 6803 job230 arrives at CPU.
At time 6810 job224 arrives at CPU.
At time 6829 job213 arrives at CPU.
At time 6842 job232 arrives at CPU.
At time 6854 job226 arrives at CPU.
At time 6862 job216 arrives at CPU.
At time 6870 job219 arrives at CPU.
At time 6878 job34 finishes at disk2.
At time 6878 job34 arrives at CPU.
At time 6882 job53 finishes at CPU.
At time 6882 job53 arrives at disk2.
At time 6894 job229 arrives at CPU.
At time 6894 job222 arrives at CPU.
At time 6936 job231 arrives at CPU.
At time 6936 job212 arrives at CPU.
At time 6940 job227 arrives at CPU.
At time 6947 job66 finishes at CPU.
At time 6947 job66 arrives at disk2.
At time 6948 job211 arrives at CPU.
At time 6955 job221 arrives at CPU.
At time 7000 job225 arrives at CPU.
At time 7001 job220 arrives at CPU.
At time 7002 job214 arrives at CPU.
At time 7004 job239 arrives at CPU.
At time 7005 job238 arrives at CPU.
At time 7007 job223 arrives at CPU.
At time 7009 job240 arrives at CPU.
At time 7020 job235 arrives at CPU.
At time 7021 job61 finishes at CPU.
At time 7021 job61 arrives at disk1.
At time 7025 job218 arrives at CPU.
At time 7043 job228 arrives at CPU.
At time 7071 job241 arrives at CPU.
At time 7091 job247 arrives at CPU.
At time 7100 job233 arrives at CPU.
At time 7114 job6 finishes at CPU.
At time 7114 job6 arrives at disk2.
At time 7120 job243 arrives at CPU.
At time 7138 job251 arrives at CPU.
At time 7152 job234 arrives at CPU.
At time 7162 job236 arrives at CPU.
At time 7179 job29 finishes at disk1.
At time 7179 job29 arrives at CPU.
At time 7182 job253 arrives at CPU.
At time 7188 job245 arrives at CPU.
At time 7190 job237 arrives at CPU.
At time 7193 job70 finishes at CPU.
At time 7193 job70 arrives at disk1.
At time 7195 job242 arrives at CPU.
At time 7242 job249 arrives at CPU.
At time 7249 job265 arrives at CPU.
At time 7251 job65 finishes at CPU.
At time 7251 job65 exits.
At time 7252 job254 arrives at CPU.
At time 7279 job31 finishes at disk2.
At time 7279 job31 arrives at CPU.
At time 7287 job255 arrives at CPU.
At time 7289 job267 arrives at CPU.
At time 7291 job258 arrives at CPU.
At time 7314 job257 arrives at CPU.
At time 7321 job248 arrives at CPU.
At time 7332 job69 finishes at CPU.
At time 7332 job69 arrives at disk2.
At time 7343 job262 arrives at CPU.
At time 7352 job250 arrives at CPU.
At time 7356 job260 arrives at CPU.
At time 7363 job263 arrives at CPU.
At time 7372 job246 arrives at CPU.
At time 7389 job79 finishes at CPU.
At time 7389 job79 arrives at disk1.
At time 7398 job264 arrives at CPU.
At time 7400 job271 arrives at CPU.
At time 7410 job244 arrives at CPU.
At time 7415 job269 arrives at CPU.
At time 7437 job252 arrives at CPU.
At time 7442 job256 arrives at CPU.
At time 7443 job275 arrives at CPU.
At time 7454 job273 arrives at CPU.
At time 7460 job38 finishes at disk1.
At time 7460 job38 arrives at CPU.
At time 7464 job68 finishes at CPU.
At time 7464 job68 exits.
At time 7476 job272 arrives at CPU.
At time 7478 job261 arrives at CPU.
At time 7487 job278 arrives at CPU.
At time 7505 job276 arrives at CPU.
At time 7516 job73 finishes at CPU.
At time 7516 job73 arrives at disk1.
At time 7526 job270 arrives at CPU.
At time 7549 job259 arrives at CPU.
At time 7551 job274 arrives at CPU.
At time 7566 job286 arrives at CPU.
At time 7578 job63 finishes at CPU.
At time 7578 job63 arrives at disk2.
At time 7579 job266 arrives at CPU.
At time 7582 job283 arrives at CPU.
At time 7583 job292 arrives at CPU.
At time 7608 job291 arrives at CPU.
At time 7613 job295 arrives at CPU.
At time 7615 job281 arrives at CPU.
At time 7632 job279 arrives at CPU.
At time 7648 job277 arrives at CPU.
At time 7653 job294 arrives at CPU.
At time 7656 job289 arrives at CPU.
At time 7660 job287 arrives at CPU.
At time 7661 job288 arrives at CPU.
At time 7663 job300 arrives at CPU.
At time 7669 job299 arrives at CPU.
At time 7673 job72 finishes at CPU.
At time 7673 job72 exits.
At time 7685 job268 arrives at CPU.
At time 7694 job293 arrives at CPU.
At time 7741 job290 arrives at CPU.
At time 7746 job30 finishes at disk2.
At time 7746 job30 arrives at CPU.
At time 7763 job307 arrives at CPU.
At time 7764 job67 finishes at CPU.
At time 7764 job308 arrives at CPU.
At time 7764 job67 arrives at disk2.
At time 7775 job309 arrives at CPU.
At time 7785 job301 arrives at CPU.
At time 7791 job280 arrives at CPU.
At time 7812 job305 arrives at CPU.
At time 7831 job284 arrives at CPU.
At time 7834 job11 finishes at disk1.
At time 7834 job11 arrives at CPU.
At time 7843 job282 arrives at CPU.
At time 7848 job75 finishes at CPU.
At time 7848 job75 arrives at disk1.
At time 7857 job285 arrives at CPU.
At time 7858 job311 arrives at CPU.
At time 7886 job303 arrives at CPU.
At time 7919 job304 arrives at CPU.
At time 7935 job74 finishes at CPU.
At time 7935 job74 arrives at disk1.
At time 7938 job316 arrives at CPU.
At time 7943 job296 arrives at CPU.
At time 7960 job317 arrives at CPU.
At time 7966 job329 arrives at CPU.
At time 8002 job33 finishes at disk2.
At time 8002 job33 arrives at CPU.
At time 8009 job297 arrives at CPU.
At time 8016 job77 finishes at CPU.
At time 8016 job77 arrives at disk2.
At time 8019 job318 arrives at CPU.
At time 8021 job322 arrives at CPU.
At time 8025 job319 arrives at CPU.
At time 8030 job298 arrives at CPU.
At time 8038 job302 arrives at CPU.
At time 8069 job337 arrives at CPU.
At time 8079 job310 arrives at CPU.
At time 8080 job306 arrives at CPU.
At time 8084 job323 arrives at CPU.
At time 8093 job78 finishes at CPU.
At time 8093 job78 arrives at disk2.
At time 8102 job326 arrives at CPU.
At time 8108 job313 arrives at CPU.
At time 8122 job312 arrives at CPU.
At time 8122 job340 arrives at CPU.
At time 8130 job315 arrives at CPU.
At time 8159 job330 arrives at CPU.
At time 8162 job76 finishes at CPU.
At time 8162 job76 arrives at disk1.
At time 8166 job328 arrives at CPU.
At time 8177 job332 arrives at CPU.
At time 8186 job338 arrives at CPU.
At time 8188 job331 arrives at CPU.
At time 8189 job36 finishes at disk1.
At time 8189 job36 arrives at CPU.
At time 8198 job336 arrives at CPU.
At time 8207 job314 arrives at CPU.
At time 8209 job320 arrives at CPU.
At time 8230 job333 arrives at CPU.
At time 8231 job14 finishes at CPU.
At time 8231 job14 arrives at disk2.
At time 8232 job325 arrives at CPU.
At time 8241 job324 arrives at CPU.
At time 8243 job341 arrives at CPU.
At time 8245 job335 arrives at CPU.
At time 8255 job343 arrives at CPU.
At time 8258 job321 arrives at CPU.
At time 8270 job348 arrives at CPU.
At time 8281 job80 finishes at CPU.
At time 8281 job80 arrives at disk1.
At time 8305 job327 arrives at CPU.
At time 8354 job350 arrives at CPU.
At time 8362 job352 arrives at CPU.
At time 8363 job339 arrives at CPU.
At time 8367 job83 finishes at CPU.
At time 8367 job83 arrives at disk1.
At time 8390 job354 arrives at CPU.
At time 8397 job41 finishes at disk2.
At time 8397 job41 arrives at CPU.
At time 8418 job344 arrives at CPU.
At time 8419 job366 arrives at CPU.
At time 8422 job334 arrives at CPU.
At time 8430 job347 arrives at CPU.
At time 8445 job71 finishes at CPU.
At time 8445 job71 arrives at disk2.
At time 8461 job361 arrives at CPU.
At time 8466 job373 arrives at CPU.
At time 8473 job357 arrives at CPU.
At time 8496 job346 arrives at CPU.
At time 8497 job342 arrives at CPU.
At time 8505 job370 arrives at CPU.
At time 8507 job345 arrives at CPU.
At time 8511 job82 finishes at CPU.
At time 8511 job82 arrives at disk2.
At time 8538 job375 arrives at CPU.
At time 8541 job359 arrives at CPU.
At time 8546 job353 arrives at CPU.
At time 8561 job88 finishes at CPU.
At time 8561 job88 arrives at disk1.
At time 8568 job360 arrives at CPU.
At time 8569 job349 arrives at CPU.
At time 8580 job376 arrives at CPU.
At time 8584 job367 arrives at CPU.
At time 8595 job356 arrives at CPU.
At time 8606 job355 arrives at CPU.
At time 8610 job45 finishes at disk1.
At time 8610 job45 arrives at CPU.
At time 8620 job365 arrives at CPU.
At time 8629 job22 finishes at CPU.
At time 8629 job22 exits.
At time 8635 job351 arrives at CPU.
At time 8637 job368 arrives at CPU.
At time 8652 job383 arrives at CPU.
At time 8668 job374 arrives at CPU.
At time 8691 job371 arrives at CPU.
At time 8693 job364 arrives at CPU.
At time 8701 job89 finishes at CPU.
At time 8701 job89 arrives at disk2.
At time 8704 job378 arrives at CPU.
At time 8709 job358 arrives at CPU.
At time 8719 job379 arrives at CPU.
At time 8720 job388 arrives at CPU.
At time 8726 job384 arrives at CPU.
At time 8728 job362 arrives at CPU.
At time 8729 job372 arrives at CPU.
At time 8730 job363 arrives at CPU.
At time 8734 job369 arrives at CPU.
At time 8737 job394 arrives at CPU.
At time 8745 job395 arrives at CPU.
At time 8751 job380 arrives at CPU.
At time 8763 job391 arrives at CPU.
At time 8782 job81 finishes at CPU.
At time 8782 job81 arrives at disk1.
At time 8820 job377 arrives at CPU.
At time 8825 job43 finishes at disk2.
At time 8825 job43 arrives at CPU.
At time 8845 job382 arrives at CPU.
At time 8858 job396 arrives at CPU.
At time 8859 job90 finishes at CPU.
At time 8859 job90 arrives at disk2.
At time 8866 job381 arrives at CPU.
At time 8911 job385 arrives at CPU.
At time 8916 job91 finishes at CPU.
At time 8916 job91 arrives at disk1.
At time 8920 job408 arrives at CPU.
At time 8929 job397 arrives at CPU.
At time 8948 job42 finishes at disk1.
At time 8948 job42 arrives at CPU.
At time 8961 job411 arrives at CPU.
At time 8963 job390 arrives at CPU.
At time 8967 job386 arrives at CPU.
At time 8974 job404 arrives at CPU.
At time 8975 job393 arrives at CPU.
At time 8981 job421 arrives at CPU.
At time 8987 job387 arrives at CPU.
At time 9011 job417 arrives at CPU.
At time 9012 job84 finishes at CPU.
At time 9012 job84 exits.
At time 9016 job416 arrives at CPU.
At time 9020 job425 arrives at CPU.
At time 9036 job400 arrives at CPU.
At time 9038 job398 arrives at CPU.
At time 9041 job389 arrives at CPU.
At time 9043 job401 arrives at CPU.
At time 9049 job414 arrives at CPU.
At time 9059 job413 arrives at CPU.
At time 9062 job392 arrives at CPU.
At time 9063 job424 arrives at CPU.
At time 9083 job92 finishes at CPU.
At time 9083 job92 arrives at disk2.
At time 9099 job403 arrives at CPU.
At time 9122 job428 arrives at CPU.
At time 9127 job405 arrives at CPU.
At time 9145 job423 arrives at CPU.
At time 9152 job410 arrives at CPU.
At time 9153 job87 finishes at CPU.
At time 9153 job87 arrives at disk1.
At time 9158 job420 arrives at CPU.
At time 9165 job430 arrives at CPU.
At time 9165 job399 arrives at CPU.
At time 9169 job433 arrives at CPU.
At time 9170 job409 arrives at CPU.
At time 9173 job422 arrives at CPU.
At time 9174 job402 arrives at CPU.
At time 9176 job436 arrives at CPU.
At time 9178 job419 arrives at CPU.
At time 9185 job406 arrives at CPU.
At time 9191 job431 arrives at CPU.
At time 9196 job412 arrives at CPU.
At time 9203 job98 finishes at CPU.
At time 9203 job98 arrives at disk2.
At time 9233 job407 arrives at CPU.
At time 9237 job415 arrives at CPU.
At time 9250 job46 finishes at disk1.
At time 9250 job46 arrives at CPU.
At time 9253 job448 arrives at CPU.
At time 9275 job5 finishes at CPU.
At time 9275 job5 arrives at disk1.
At time 9284 job426 arrives at CPU.
At time 9288 job418 arrives at CPU.
At time 9315 job427 arrives at CPU.
At time 9320 job452 arrives at CPU.
At time 9323 job440 arrives at CPU.
At time 9331 job435 arrives at CPU.
At time 9333 job40 finishes at disk2.
At time 9333 job40 arrives at CPU.
At time 9349 job444 arrives at CPU.
At time 9351 job447 arrives at CPU.
At time 9360 job439 arrives at CPU.
At time 9365 job438 arrives at CPU.
At time 9370 job85 finishes at CPU.
At time 9370 job85 exits.
At time 9372 job458 arrives at CPU.
At time 9374 job429 arrives at CPU.
At time 9382 job434 arrives at CPU.
At time 9387 job461 arrives at CPU.
At time 9399 job451 arrives at CPU.
At time 9399 job441 arrives at CPU.
At time 9401 job443 arrives at CPU.
At time 9406 job449 arrives at CPU.
At time 9412 job432 arrives at CPU.
At time 9421 job456 arrives at CPU.
At time 9430 job463 arrives at CPU.
At time 9450 job86 finishes at CPU.
At time 9450 job86 arrives at disk2.
At time 9455 job455 arrives at CPU.
At time 9467 job437 arrives at CPU.
At time 9475 job460 arrives at CPU.
At time 9487 job446 arrives at CPU.
At time 9491 job470 arrives at CPU.
At time 9492 job450 arrives at CPU.
At time 9500 job474 arrives at CPU.
At time 9505 job457 arrives at CPU.
At time 9527 job442 arrives at CPU.
At time 9539 job475 arrives at CPU.
At time 9543 job97 finishes at CPU.
At time 9543 job97 arrives at disk1.
At time 9546 job465 arrives at CPU.
At time 9550 job466 arrives at CPU.
At time 9558 job462 arrives at CPU.
At time 9560 job445 arrives at CPU.
At time 9604 job488 arrives at CPU.
At time 9608 job469 arrives at CPU.
At time 9615 job471 arrives at CPU.
At time 9617 job453 arrives at CPU.
At time 9623 job96 finishes at CPU.
At time 9623 job96 arrives at disk2.
At time 9650 job454 arrives at CPU.
At time 9653 job473 arrives at CPU.
At time 9655 job476 arrives at CPU.
At time 9659 job467 arrives at CPU.
At time 9665 job464 arrives at CPU.
At time 9670 job481 arrives at CPU.
At time 9687 job495 arrives at CPU.
At time 9691 job497 arrives at CPU.
At time 9692 job95 finishes at CPU.
At time 9692 job95 arrives at disk1.
At time 9706 job468 arrives at CPU.
At time 9710 job49 finishes at disk1.
At time 9710 job49 arrives at CPU.
At time 9719 job483 arrives at CPU.
At time 9727 job486 arrives at CPU.
At time 9729 job500 arrives at CPU.
At time 9744 job496 arrives at CPU.
At time 9760 job459 arrives at CPU.
At time 9761 job484 arrives at CPU.
At time 9764 job494 arrives at CPU.
At time 9769 job478 arrives at CPU.
At time 9769 job101 finishes at CPU.
At time 9769 job101 arrives at disk1.
At time 9776 job472 arrives at CPU.
At time 9782 job480 arrives at CPU.
At time 9789 job482 arrives at CPU.
At time 9798 job39 finishes at disk2.
At time 9798 job39 arrives at CPU.
At time 9833 job490 arrives at CPU.
At time 9833 job477 arrives at CPU.
At time 9855 job510 arrives at CPU.
At time 9859 job492 arrives at CPU.
At time 9859 job508 arrives at CPU.
At time 9865 job105 finishes at CPU.
At time 9865 job105 arrives at disk2.
At time 9875 job516 arrives at CPU.
At time 9902 job506 arrives at CPU.
At time 9903 job491 arrives at CPU.
At time 9914 job485 arrives at CPU.
At time 9914 job503 arrives at CPU.
At time 9917 job479 arrives at CPU.
At time 9936 job493 arrives at CPU.
At time 9941 job507 arrives at CPU.
At time 9944 job103 finishes at CPU.
At time 9944 job103 arrives at disk1.
At time 9954 job489 arrives at CPU.
At time 9954 job487 arrives at CPU.
At time 9981 job518 arrives at CPU.
At time 9984 job531 arrives at CPU.
SIM_END at 10000